<?xml version="1.0" encoding="UTF-8"?>
<testng-results ignored="0" total="2" passed="2" failed="0" skipped="0">
  <reporter-output>
  </reporter-output>
  <suite started-at="2022-10-11T12:49:45 IST" name="Suite" finished-at="2022-10-11T12:50:11 IST" duration-ms="25820">
    <groups>
    </groups>
    <test started-at="2022-10-11T12:49:45 IST" name="Loginpage" finished-at="2022-10-11T12:50:11 IST" duration-ms="25820">
      <class name="TestLayer.LoginTest">
        <test-method is-config="true" signature="preSetUp()[pri:0, instance:TestLayer.LoginTest@4550bb58]" started-at="2022-10-11T12:49:45 IST" name="preSetUp" finished-at="2022-10-11T12:49:45 IST" duration-ms="508" status="PASS">
          <reporter-output>
          </reporter-output>
        </test-method> <!-- preSetUp -->
        <test-method is-config="true" signature="setUp()[pri:0, instance:TestLayer.LoginTest@4550bb58]" started-at="2022-10-11T12:49:45 IST" name="setUp" finished-at="2022-10-11T12:50:04 IST" duration-ms="18555" status="PASS">
          <reporter-output>
          </reporter-output>
        </test-method> <!-- setUp -->
        <test-method signature="toVerifyLoginTest(java.lang.String,java.lang.String)[pri:2, instance:TestLayer.LoginTest@4550bb58]" started-at="2022-10-11T12:50:04 IST" name="toVerifyLoginTest" finished-at="2022-10-11T12:50:09 IST" duration-ms="4735" status="PASS">
          <params>
            <param index="0">
              <value>
                <![CDATA[mngr444777]]>
              </value>
            </param>
            <param index="1">
              <value>
                <![CDATA[sagusut]]>
              </value>
            </param>
          </params>
          <reporter-output>
          </reporter-output>
        </test-method> <!-- toVerifyLoginTest -->
        <test-method is-config="true" signature="captureIfTestFails(org.testng.ITestResult)[pri:0, instance:TestLayer.LoginTest@4550bb58]" started-at="2022-10-11T12:50:09 IST" name="captureIfTestFails" finished-at="2022-10-11T12:50:09 IST" duration-ms="4" status="PASS">
          <params>
            <param index="0">
              <value>
                <![CDATA[[TestResult name=toVerifyLoginTest status=SUCCESS method=LoginTest.toVerifyLoginTest(java.lang.String,java.lang.String)[pri:2, instance:TestLayer.LoginTest@4550bb58] output={null}]]]>
              </value>
            </param>
          </params>
          <reporter-output>
          </reporter-output>
        </test-method> <!-- captureIfTestFails -->
        <test-method is-config="true" signature="tearDown()[pri:0, instance:TestLayer.LoginTest@4550bb58]" started-at="2022-10-11T12:50:09 IST" name="tearDown" finished-at="2022-10-11T12:50:11 IST" duration-ms="2383" status="PASS">
          <reporter-output>
          </reporter-output>
        </test-method> <!-- tearDown -->
        <test-method is-config="true" signature="postTearDown()[pri:0, instance:TestLayer.LoginTest@4550bb58]" started-at="2022-10-11T12:50:11 IST" name="postTearDown" finished-at="2022-10-11T12:50:12 IST" duration-ms="602" status="PASS">
          <reporter-output>
          </reporter-output>
        </test-method> <!-- postTearDown -->
      </class> <!-- TestLayer.LoginTest -->
    </test> <!-- Loginpage -->
  </suite> <!-- Suite -->
  <suite started-at="2022-10-11T12:50:12 IST" name="Suite (0)" finished-at="2022-10-11T12:50:28 IST" duration-ms="16618">
    <groups>
    </groups>
    <test started-at="2022-10-11T12:50:12 IST" name="Homepage" finished-at="2022-10-11T12:50:28 IST" duration-ms="16618">
      <class name="TestLayer.HomePageTest">
        <test-method is-config="true" signature="preSetUp()[pri:0, instance:TestLayer.HomePageTest@77888435]" started-at="2022-10-11T12:50:12 IST" name="preSetUp" finished-at="2022-10-11T12:50:12 IST" duration-ms="17" status="PASS">
          <reporter-output>
          </reporter-output>
        </test-method> <!-- preSetUp -->
        <test-method is-config="true" signature="setUp()[pri:0, instance:TestLayer.HomePageTest@77888435]" started-at="2022-10-11T12:50:12 IST" name="setUp" finished-at="2022-10-11T12:50:24 IST" duration-ms="12040" status="PASS">
          <reporter-output>
          </reporter-output>
        </test-method> <!-- setUp -->
        <test-method signature="toVerifyRadioTest(java.lang.String,java.lang.String)[pri:3, instance:TestLayer.HomePageTest@77888435]" started-at="2022-10-11T12:50:24 IST" name="toVerifyRadioTest" finished-at="2022-10-11T12:50:27 IST" duration-ms="3245" status="PASS">
          <params>
            <param index="0">
              <value>
                <![CDATA[mngr444777]]>
              </value>
            </param>
            <param index="1">
              <value>
                <![CDATA[sagusut]]>
              </value>
            </param>
          </params>
          <reporter-output>
          </reporter-output>
        </test-method> <!-- toVerifyRadioTest -->
        <test-method is-config="true" signature="captureIfTestFails(org.testng.ITestResult)[pri:0, instance:TestLayer.HomePageTest@77888435]" started-at="2022-10-11T12:50:27 IST" name="captureIfTestFails" finished-at="2022-10-11T12:50:27 IST" duration-ms="0" status="PASS">
          <params>
            <param index="0">
              <value>
                <![CDATA[[TestResult name=toVerifyRadioTest status=SUCCESS method=HomePageTest.toVerifyRadioTest(java.lang.String,java.lang.String)[pri:3, instance:TestLayer.HomePageTest@77888435] output={null}]]]>
              </value>
            </param>
          </params>
          <reporter-output>
          </reporter-output>
        </test-method> <!-- captureIfTestFails -->
        <test-method is-config="true" signature="tearDown()[pri:0, instance:TestLayer.HomePageTest@77888435]" started-at="2022-10-11T12:50:27 IST" name="tearDown" finished-at="2022-10-11T12:50:28 IST" duration-ms="1322" status="PASS">
          <reporter-output>
          </reporter-output>
        </test-method> <!-- tearDown -->
        <test-method is-config="true" signature="postTearDown()[pri:0, instance:TestLayer.HomePageTest@77888435]" started-at="2022-10-11T12:50:28 IST" name="postTearDown" finished-at="2022-10-11T12:50:29 IST" duration-ms="227" status="PASS">
          <reporter-output>
          </reporter-output>
        </test-method> <!-- postTearDown -->
      </class> <!-- TestLayer.HomePageTest -->
    </test> <!-- Homepage -->
  </suite> <!-- Suite (0) -->
  <suite started-at="2022-10-11T12:50:29 IST" name="Master Suite" finished-at="2022-10-11T12:50:29 IST" duration-ms="0">
    <groups>
    </groups>
  </suite> <!-- Master Suite -->
</testng-results>
