<?xml version="1.0" encoding="UTF-8"?>
<testng-results ignored="0" total="1" passed="1" failed="0" skipped="0">
  <reporter-output>
  </reporter-output>
  <suite started-at="2022-09-20T11:47:08 IST" name="Default suite" finished-at="2022-09-20T11:47:19 IST" duration-ms="10517">
    <groups>
    </groups>
    <test started-at="2022-09-20T11:47:08 IST" name="Default test" finished-at="2022-09-20T11:47:19 IST" duration-ms="10517">
      <class name="Test.RestPractice">
        <test-method signature="verifyGet()[pri:0, instance:Test.RestPractice@6572421]" started-at="2022-09-20T11:47:09 IST" name="verifyGet" finished-at="2022-09-20T11:47:19 IST" duration-ms="10388" status="PASS">
          <reporter-output>
          </reporter-output>
        </test-method> <!-- verifyGet -->
      </class> <!-- Test.RestPractice -->
    </test> <!-- Default test -->
  </suite> <!-- Default suite -->
</testng-results>
