<?xml version="1.0" encoding="UTF-8"?>
<!-- Generated by org.testng.reporters.JUnitXMLReporter -->
<testsuite ignored="0" hostname="DESKTOP-UJ1ABA6" failures="1" tests="1" name="HomeTest" time="26.483" errors="0" timestamp="2022-10-09T22:14:04 IST">
  <testcase classname="com.guru99.tests.HomeTests" name="toVerifyRadioTest" time="5.775">
    <failure type="java.lang.AssertionError" message="expected [Guru99 Bank Manager HomePage] but found [Guru99 Bank New Customer Entry Page]">
      <![CDATA[java.lang.AssertionError: expected [Guru99 Bank Manager HomePage] but found [Guru99 Bank New Customer Entry Page]
at com.guru99.tests.HomeTests.toVerifyRadioTest(HomeTests.java:26)
at java.base/java.util.ArrayList.forEach(ArrayList.java:1511)
... Removed 31 stack frames]]>
    </failure>
  </testcase> <!-- toVerifyRadioTest -->
</testsuite> <!-- HomeTest -->
