<?xml version="1.0" encoding="UTF-8"?>
<testng-results ignored="0" total="2" passed="2" failed="0" skipped="0">
  <reporter-output>
  </reporter-output>
  <suite started-at="2022-04-29T01:49:01 IST" name="Default suite" finished-at="2022-04-29T01:49:48 IST" duration-ms="47190">
    <groups>
    </groups>
    <test started-at="2022-04-29T01:49:01 IST" name="Default test" finished-at="2022-04-29T01:49:48 IST" duration-ms="47190">
      <class name="com.crm.qa.testcases.LoginPageTest">
        <test-method is-config="true" signature="setUp()[pri:0, instance:com.crm.qa.testcases.LoginPageTest@3c407114]" started-at="2022-04-29T01:49:01 IST" name="setUp" finished-at="2022-04-29T01:49:20 IST" duration-ms="18867" status="PASS">
          <reporter-output>
          </reporter-output>
        </test-method> <!-- setUp -->
        <test-method signature="loginPageTitleTest()[pri:1, instance:com.crm.qa.testcases.LoginPageTest@3c407114]" started-at="2022-04-29T01:49:20 IST" name="loginPageTitleTest" finished-at="2022-04-29T01:49:21 IST" duration-ms="860" status="PASS">
          <reporter-output>
          </reporter-output>
        </test-method> <!-- loginPageTitleTest -->
        <test-method is-config="true" signature="tearDown()[pri:0, instance:com.crm.qa.testcases.LoginPageTest@3c407114]" started-at="2022-04-29T01:49:21 IST" name="tearDown" finished-at="2022-04-29T01:49:21 IST" duration-ms="451" status="PASS">
          <reporter-output>
          </reporter-output>
        </test-method> <!-- tearDown -->
        <test-method is-config="true" signature="setUp()[pri:0, instance:com.crm.qa.testcases.LoginPageTest@3c407114]" started-at="2022-04-29T01:49:21 IST" name="setUp" finished-at="2022-04-29T01:49:31 IST" duration-ms="9808" status="PASS">
          <reporter-output>
          </reporter-output>
        </test-method> <!-- setUp -->
        <test-method signature="loginTest()[pri:2, instance:com.crm.qa.testcases.LoginPageTest@3c407114]" started-at="2022-04-29T01:49:31 IST" name="loginTest" finished-at="2022-04-29T01:49:48 IST" duration-ms="16535" status="PASS">
          <reporter-output>
          </reporter-output>
        </test-method> <!-- loginTest -->
        <test-method is-config="true" signature="tearDown()[pri:0, instance:com.crm.qa.testcases.LoginPageTest@3c407114]" started-at="2022-04-29T01:49:48 IST" name="tearDown" finished-at="2022-04-29T01:49:48 IST" duration-ms="524" status="PASS">
          <reporter-output>
          </reporter-output>
        </test-method> <!-- tearDown -->
      </class> <!-- com.crm.qa.testcases.LoginPageTest -->
    </test> <!-- Default test -->
  </suite> <!-- Default suite -->
</testng-results>
