<?xml version="1.0" encoding="UTF-8"?>
<testng-results ignored="0" total="1" passed="1" failed="0" skipped="0">
  <reporter-output>
  </reporter-output>
  <suite started-at="2022-09-27T14:45:22 IST" name="Suite" finished-at="2022-09-27T14:46:08 IST" duration-ms="45624">
    <groups>
    </groups>
    <test started-at="2022-09-27T14:45:22 IST" name="Test" finished-at="2022-09-27T14:46:08 IST" duration-ms="45624">
      <class name="KhansaTestLayer.LoginTest">
        <test-method is-config="true" signature="preSetUp()[pri:0, instance:KhansaTestLayer.LoginTest@2b662a77]" started-at="2022-09-27T14:45:21 IST" name="preSetUp" finished-at="2022-09-27T14:45:22 IST" duration-ms="677" status="PASS">
          <reporter-output>
          </reporter-output>
        </test-method> <!-- preSetUp -->
        <test-method is-config="true" signature="setUp()[pri:0, instance:KhansaTestLayer.LoginTest@2b662a77]" started-at="2022-09-27T14:45:22 IST" name="setUp" finished-at="2022-09-27T14:45:55 IST" duration-ms="32749" status="PASS">
          <reporter-output>
          </reporter-output>
        </test-method> <!-- setUp -->
        <test-method signature="toVerifyLoginFunction(java.lang.String,java.lang.String)[pri:0, instance:KhansaTestLayer.LoginTest@2b662a77]" started-at="2022-09-27T14:45:55 IST" name="toVerifyLoginFunction" finished-at="2022-09-27T14:46:04 IST" duration-ms="8534" status="PASS">
          <params>
            <param index="0">
              <value>
                <![CDATA[mngr433050]]>
              </value>
            </param>
            <param index="1">
              <value>
                <![CDATA[YsAvYny]]>
              </value>
            </param>
          </params>
          <reporter-output>
          </reporter-output>
        </test-method> <!-- toVerifyLoginFunction -->
        <test-method is-config="true" signature="postTesttation(org.testng.ITestResult)[pri:0, instance:KhansaTestLayer.LoginTest@2b662a77]" started-at="2022-09-27T14:46:04 IST" name="postTesttation" finished-at="2022-09-27T14:46:04 IST" duration-ms="4" status="PASS">
          <params>
            <param index="0">
              <value>
                <![CDATA[[TestResult name=toVerifyLoginFunction status=SUCCESS method=LoginTest.toVerifyLoginFunction(java.lang.String,java.lang.String)[pri:0, instance:KhansaTestLayer.LoginTest@2b662a77] output={null}]]]>
              </value>
            </param>
          </params>
          <reporter-output>
          </reporter-output>
        </test-method> <!-- postTesttation -->
        <test-method is-config="true" signature="tearDown()[pri:0, instance:KhansaTestLayer.LoginTest@2b662a77]" started-at="2022-09-27T14:46:04 IST" name="tearDown" finished-at="2022-09-27T14:46:08 IST" duration-ms="4224" status="PASS">
          <reporter-output>
          </reporter-output>
        </test-method> <!-- tearDown -->
        <test-method is-config="true" signature="postTearDown()[pri:0, instance:KhansaTestLayer.LoginTest@2b662a77]" started-at="2022-09-27T14:46:08 IST" name="postTearDown" finished-at="2022-09-27T14:46:09 IST" duration-ms="736" status="PASS">
          <reporter-output>
          </reporter-output>
        </test-method> <!-- postTearDown -->
      </class> <!-- KhansaTestLayer.LoginTest -->
    </test> <!-- Test -->
  </suite> <!-- Suite -->
</testng-results>
