<?xml version="1.0" encoding="UTF-8"?>
<!-- Generated by org.testng.reporters.JUnitXMLReporter -->
<testsuite ignored="0" hostname="DESKTOP-UJ1ABA6" failures="0" tests="1" name="LoginTest" time="0.163" errors="0" timestamp="2022-10-09T22:00:30 IST">
  <testcase classname="TestLayer.BaseTest" name="@BeforeClass setUp" time="0.003">
    <failure type="java.lang.NullPointerException" message="Cannot invoke &amp;quot;java.util.Properties.getProperty(String)&amp;quot; because &amp;quot;this.configProperty&amp;quot; is null">
      <![CDATA[java.lang.NullPointerException: Cannot invoke "java.util.Properties.getProperty(String)" because "this.configProperty" is null
at TestLayer.BaseTest.setUp(BaseTest.java:48)
at java.base/java.util.ArrayList.forEach(ArrayList.java:1511)
... Removed 23 stack frames]]>
    </failure>
  </testcase> <!-- @BeforeClass setUp -->
  <testcase classname="TestLayer.BaseTest" name="@AfterMethod captureIfTestFails" time="0.0">
    <skipped/>
  </testcase> <!-- @AfterMethod captureIfTestFails -->
  <testcase classname="TestLayer.BaseTest" name="@AfterClass tearDown" time="0.0">
    <skipped/>
  </testcase> <!-- @AfterClass tearDown -->
  <testcase classname="TestLayer.LoginTest" name="toVerifyLoginTest" time="0.001">
    <skipped/>
  </testcase> <!-- toVerifyLoginTest -->
</testsuite> <!-- LoginTest -->
