<?xml version="1.0" encoding="UTF-8"?>
<!-- Generated by org.testng.reporters.JUnitXMLReporter -->
<testsuite ignored="0" hostname="DESKTOP-UJ1ABA6" failures="0" tests="21" name="Different testng Feature Test" time="31.978" errors="0" timestamp="2022-03-31T00:47:22 IST">
  <testcase classname="Testng.ExceptionTimeoutTest" name="infiniteLoop" time="0.018"/>
  <testcase classname="Testng.GoogleTest" name="googleTitleTest" time="0.038"/>
  <testcase classname="Testng.GoogleTest" name="googleLogoTest" time="0.131"/>
  <testcase classname="Testng.GoogleTest" name="mailLinkTest" time="0.081"/>
  <testcase classname="Testng.GoogleTest" name="imagesLinkTest" time="0.114"/>
  <testcase classname="Testng.GoogleTitleTest" name="googleTitleTest" time="0.117"/>
  <testcase classname="Testng.InvocationCountTest" name="loginTest" time="0.003"/>
  <testcase classname="Testng.InvocationCountTest" name="loginTest" time="0.002"/>
  <testcase classname="Testng.InvocationCountTest" name="loginTest" time="0.004"/>
  <testcase classname="Testng.InvocationCountTest" name="loginTest" time="0.003"/>
  <testcase classname="Testng.InvocationCountTest" name="loginTest" time="0.005"/>
  <testcase classname="Testng.InvocationCountTest" name="loginTest" time="0.004"/>
  <testcase classname="Testng.InvocationCountTest" name="loginTest" time="0.004"/>
  <testcase classname="Testng.InvocationCountTest" name="loginTest" time="0.003"/>
  <testcase classname="Testng.InvocationCountTest" name="loginTest" time="0.003"/>
  <testcase classname="Testng.InvocationCountTest" name="loginTest" time="0.003"/>
  <testcase classname="Testng.TestngBasics" name="googleTitleTest" time="0.004"/>
  <testcase classname="Testng.TestngBasics" name="searchTest" time="0.004"/>
  <testcase classname="Testng.TestngFeatures" name="SearchPageTest" time="0.005"/>
  <testcase classname="Testng.TestngFeatures" name="loginTest" time="0.007"/>
  <testcase classname="Testng.TestngFeatures" name="homePageTest" time="0.005"/>
</testsuite> <!-- Different testng Feature Test -->
