<?xml version="1.0" encoding="UTF-8"?>
<testng-results ignored="0" total="3" passed="2" failed="1" skipped="0">
  <reporter-output>
  </reporter-output>
  <suite started-at="2022-10-26T16:00:09 IST" name="Default suite" finished-at="2022-10-26T16:02:40 IST" duration-ms="150223">
    <groups>
    </groups>
    <test started-at="2022-10-26T16:00:09 IST" name="Default test" finished-at="2022-10-26T16:02:40 IST" duration-ms="150223">
      <class name="Testng.EbayTestDataProvider">
        <test-method is-config="true" signature="setUp()[pri:0, instance:Testng.EbayTestDataProvider@13b6aecc]" started-at="2022-10-26T16:00:11 IST" name="setUp" finished-at="2022-10-26T16:00:35 IST" duration-ms="23984" status="PASS">
          <reporter-output>
          </reporter-output>
        </test-method> <!-- setUp -->
        <test-method signature="EbayRegTest(java.lang.String,java.lang.String,java.lang.String,java.lang.String)[pri:0, instance:Testng.EbayTestDataProvider@13b6aecc]" started-at="2022-10-26T16:00:35 IST" name="EbayRegTest" data-provider="getTestData" finished-at="2022-10-26T16:01:06 IST" duration-ms="31064" status="PASS">
          <params>
            <param index="0">
              <value>
                <![CDATA[tom]]>
              </value>
            </param>
            <param index="1">
              <value>
                <![CDATA[teter]]>
              </value>
            </param>
            <param index="2">
              <value>
                <![CDATA[zee.shaikhcool786@gmail.com]]>
              </value>
            </param>
            <param index="3">
              <value>
                <![CDATA[tdongaz@1994]]>
              </value>
            </param>
          </params>
          <reporter-output>
          </reporter-output>
        </test-method> <!-- EbayRegTest -->
        <test-method is-config="true" signature="tearDown()[pri:0, instance:Testng.EbayTestDataProvider@13b6aecc]" started-at="2022-10-26T16:01:06 IST" name="tearDown" finished-at="2022-10-26T16:01:06 IST" duration-ms="409" status="PASS">
          <reporter-output>
          </reporter-output>
        </test-method> <!-- tearDown -->
        <test-method is-config="true" signature="setUp()[pri:0, instance:Testng.EbayTestDataProvider@13b6aecc]" started-at="2022-10-26T16:01:06 IST" name="setUp" finished-at="2022-10-26T16:01:18 IST" duration-ms="11617" status="PASS">
          <reporter-output>
          </reporter-output>
        </test-method> <!-- setUp -->
        <test-method signature="EbayRegTest(java.lang.String,java.lang.String,java.lang.String,java.lang.String)[pri:0, instance:Testng.EbayTestDataProvider@13b6aecc]" started-at="2022-10-26T16:01:18 IST" name="EbayRegTest" data-provider="getTestData" finished-at="2022-10-26T16:01:48 IST" duration-ms="30161" status="FAIL">
          <params>
            <param index="0">
              <value>
                <![CDATA[rom]]>
              </value>
            </param>
            <param index="1">
              <value>
                <![CDATA[dan]]>
              </value>
            </param>
            <param index="2">
              <value>
                <![CDATA[wee.shaikhcool786@gmail.com]]>
              </value>
            </param>
            <param index="3">
              <value>
                <![CDATA[jdongaz@1994]]>
              </value>
            </param>
          </params>
          <exception class="org.openqa.selenium.NoSuchElementException">
            <message>
              <![CDATA[no such element: Unable to locate element: {"method":"xpath","selector":"//*[@id='firstname']"}
  (Session info: chrome=105.0.5195.127)
For documentation on this error, please visit: https://selenium.dev/exceptions/#no_such_element
Build info: version: '4.1.2', revision: '9a5a329c5a'
System info: host: 'DESKTOP-UJ1ABA6', ip: '192.168.0.100', os.name: 'Windows 10', os.arch: 'amd64', os.version: '10.0', java.version: '18.0.1'
Driver info: org.openqa.selenium.chrome.ChromeDriver
Command: [3f596f9205a81c506bbbb21b5103eda1, findElement {using=xpath, value=//*[@id='firstname']}]
Capabilities {acceptInsecureCerts: false, browserName: chrome, browserVersion: 105.0.5195.127, chrome: {chromedriverVersion: 105.0.5195.52 (412c95e51883..., userDataDir: C:\Users\FAIZRI~1\AppData\L...}, goog:chromeOptions: {debuggerAddress: localhost:51350}, javascriptEnabled: true, networkConnectionEnabled: false, pageLoadStrategy: normal, platform: WINDOWS, platformName: WINDOWS, proxy: Proxy(), se:cdp: ws://localhost:51350/devtoo..., se:cdpVersion: 105.0.5195.127, setWindowRect: true, strictFileInteractability: false, timeouts: {implicit: 0, pageLoad: 300000, script: 30000}, unhandledPromptBehavior: dismiss and notify, webauthn:extension:credBlob: true, webauthn:extension:largeBlob: true, webauthn:virtualAuthenticators: true}
Session ID: 3f596f9205a81c506bbbb21b5103eda1]]>
            </message>
            <full-stacktrace>
              <![CDATA[org.openqa.selenium.NoSuchElementException: no such element: Unable to locate element: {"method":"xpath","selector":"//*[@id='firstname']"}
  (Session info: chrome=105.0.5195.127)
For documentation on this error, please visit: https://selenium.dev/exceptions/#no_such_element
Build info: version: '4.1.2', revision: '9a5a329c5a'
System info: host: 'DESKTOP-UJ1ABA6', ip: '192.168.0.100', os.name: 'Windows 10', os.arch: 'amd64', os.version: '10.0', java.version: '18.0.1'
Driver info: org.openqa.selenium.chrome.ChromeDriver
Command: [3f596f9205a81c506bbbb21b5103eda1, findElement {using=xpath, value=//*[@id='firstname']}]
Capabilities {acceptInsecureCerts: false, browserName: chrome, browserVersion: 105.0.5195.127, chrome: {chromedriverVersion: 105.0.5195.52 (412c95e51883..., userDataDir: C:\Users\FAIZRI~1\AppData\L...}, goog:chromeOptions: {debuggerAddress: localhost:51350}, javascriptEnabled: true, networkConnectionEnabled: false, pageLoadStrategy: normal, platform: WINDOWS, platformName: WINDOWS, proxy: Proxy(), se:cdp: ws://localhost:51350/devtoo..., se:cdpVersion: 105.0.5195.127, setWindowRect: true, strictFileInteractability: false, timeouts: {implicit: 0, pageLoad: 300000, script: 30000}, unhandledPromptBehavior: dismiss and notify, webauthn:extension:credBlob: true, webauthn:extension:largeBlob: true, webauthn:virtualAuthenticators: true}
Session ID: 3f596f9205a81c506bbbb21b5103eda1
at java.base/jdk.internal.reflect.DirectConstructorHandleAccessor.newInstance(DirectConstructorHandleAccessor.java:67)
at java.base/java.lang.reflect.Constructor.newInstanceWithCaller(Constructor.java:499)
at java.base/java.lang.reflect.Constructor.newInstance(Constructor.java:483)
at org.openqa.selenium.remote.codec.w3c.W3CHttpResponseCodec.createException(W3CHttpResponseCodec.java:200)
at org.openqa.selenium.remote.codec.w3c.W3CHttpResponseCodec.decode(W3CHttpResponseCodec.java:133)
at org.openqa.selenium.remote.codec.w3c.W3CHttpResponseCodec.decode(W3CHttpResponseCodec.java:53)
at org.openqa.selenium.remote.HttpCommandExecutor.execute(HttpCommandExecutor.java:184)
at org.openqa.selenium.remote.service.DriverCommandExecutor.invokeExecute(DriverCommandExecutor.java:167)
at org.openqa.selenium.remote.service.DriverCommandExecutor.execute(DriverCommandExecutor.java:142)
at org.openqa.selenium.remote.RemoteWebDriver.execute(RemoteWebDriver.java:558)
at org.openqa.selenium.remote.ElementLocation$ElementFinder$2.findElement(ElementLocation.java:162)
at org.openqa.selenium.remote.ElementLocation.findElement(ElementLocation.java:60)
at org.openqa.selenium.remote.RemoteWebDriver.findElement(RemoteWebDriver.java:382)
at org.openqa.selenium.remote.RemoteWebDriver.findElement(RemoteWebDriver.java:374)
at Testng.EbayTestDataProvider.EbayRegTest(EbayTestDataProvider.java:49)
at java.base/jdk.internal.reflect.DirectMethodHandleAccessor.invoke(DirectMethodHandleAccessor.java:104)
at java.base/java.lang.reflect.Method.invoke(Method.java:577)
at org.testng.internal.invokers.MethodInvocationHelper.invokeMethod(MethodInvocationHelper.java:135)
at org.testng.internal.invokers.TestInvoker.invokeMethod(TestInvoker.java:673)
at org.testng.internal.invokers.TestInvoker.invokeTestMethod(TestInvoker.java:220)
at org.testng.internal.invokers.MethodRunner.runInSequence(MethodRunner.java:50)
at org.testng.internal.invokers.TestInvoker$MethodInvocationAgent.invoke(TestInvoker.java:945)
at org.testng.internal.invokers.TestInvoker.invokeTestMethods(TestInvoker.java:193)
at org.testng.internal.invokers.TestMethodWorker.invokeTestMethods(TestMethodWorker.java:146)
at org.testng.internal.invokers.TestMethodWorker.run(TestMethodWorker.java:128)
at java.base/java.util.ArrayList.forEach(ArrayList.java:1511)
at org.testng.TestRunner.privateRun(TestRunner.java:808)
at org.testng.TestRunner.run(TestRunner.java:603)
at org.testng.SuiteRunner.runTest(SuiteRunner.java:429)
at org.testng.SuiteRunner.runSequentially(SuiteRunner.java:423)
at org.testng.SuiteRunner.privateRun(SuiteRunner.java:383)
at org.testng.SuiteRunner.run(SuiteRunner.java:326)
at org.testng.SuiteRunnerWorker.runSuite(SuiteRunnerWorker.java:52)
at org.testng.SuiteRunnerWorker.run(SuiteRunnerWorker.java:95)
at org.testng.TestNG.runSuitesSequentially(TestNG.java:1249)
at org.testng.TestNG.runSuitesLocally(TestNG.java:1169)
at org.testng.TestNG.runSuites(TestNG.java:1092)
at org.testng.TestNG.run(TestNG.java:1060)
at org.testng.remote.AbstractRemoteTestNG.run(AbstractRemoteTestNG.java:115)
at org.testng.remote.RemoteTestNG.initAndRun(RemoteTestNG.java:251)
at org.testng.remote.RemoteTestNG.main(RemoteTestNG.java:77)
]]>
            </full-stacktrace>
          </exception> <!-- org.openqa.selenium.NoSuchElementException -->
          <reporter-output>
          </reporter-output>
        </test-method> <!-- EbayRegTest -->
        <test-method is-config="true" signature="tearDown()[pri:0, instance:Testng.EbayTestDataProvider@13b6aecc]" started-at="2022-10-26T16:01:48 IST" name="tearDown" finished-at="2022-10-26T16:01:50 IST" duration-ms="1381" status="PASS">
          <reporter-output>
          </reporter-output>
        </test-method> <!-- tearDown -->
        <test-method is-config="true" signature="setUp()[pri:0, instance:Testng.EbayTestDataProvider@13b6aecc]" started-at="2022-10-26T16:01:50 IST" name="setUp" finished-at="2022-10-26T16:01:58 IST" duration-ms="8394" status="PASS">
          <reporter-output>
          </reporter-output>
        </test-method> <!-- setUp -->
        <test-method signature="EbayRegTest(java.lang.String,java.lang.String,java.lang.String,java.lang.String)[pri:0, instance:Testng.EbayTestDataProvider@13b6aecc]" started-at="2022-10-26T16:01:58 IST" name="EbayRegTest" data-provider="getTestData" finished-at="2022-10-26T16:02:39 IST" duration-ms="40983" status="PASS">
          <params>
            <param index="0">
              <value>
                <![CDATA[mom]]>
              </value>
            </param>
            <param index="1">
              <value>
                <![CDATA[pan]]>
              </value>
            </param>
            <param index="2">
              <value>
                <![CDATA[tee.shaikhcool786@gmail.com]]>
              </value>
            </param>
            <param index="3">
              <value>
                <![CDATA[Ddongaz@1994]]>
              </value>
            </param>
          </params>
          <reporter-output>
          </reporter-output>
        </test-method> <!-- EbayRegTest -->
        <test-method is-config="true" signature="tearDown()[pri:0, instance:Testng.EbayTestDataProvider@13b6aecc]" started-at="2022-10-26T16:02:39 IST" name="tearDown" finished-at="2022-10-26T16:02:40 IST" duration-ms="558" status="PASS">
          <reporter-output>
          </reporter-output>
        </test-method> <!-- tearDown -->
      </class> <!-- Testng.EbayTestDataProvider -->
    </test> <!-- Default test -->
  </suite> <!-- Default suite -->
</testng-results>
