<?xml version="1.0" encoding="UTF-8"?>
<testng-results ignored="0" total="1" passed="1" failed="0" skipped="0">
  <reporter-output>
  </reporter-output>
  <suite started-at="2022-05-01T23:07:21 IST" name="TestNG Sidra session Test Automation Suite" finished-at="2022-05-01T23:07:35 IST" duration-ms="13501">
    <groups>
    </groups>
    <test started-at="2022-05-01T23:07:21 IST" name="Sidra Different testng Feature Test" finished-at="2022-05-01T23:07:35 IST" duration-ms="13501">
      <class name="AzureTestPackage.AzureTest">
        <test-method is-config="true" signature="setUp()[pri:0, instance:AzureTestPackage.AzureTest@309e345f]" started-at="2022-05-01T23:07:21 IST" name="setUp" finished-at="2022-05-01T23:07:33 IST" duration-ms="11766" status="PASS">
          <reporter-output>
          </reporter-output>
        </test-method> <!-- setUp -->
        <test-method signature="sidraTitleTest()[pri:0, instance:AzureTestPackage.AzureTest@309e345f]" started-at="2022-05-01T23:07:33 IST" name="sidraTitleTest" finished-at="2022-05-01T23:07:33 IST" duration-ms="84" status="PASS">
          <reporter-output>
          </reporter-output>
        </test-method> <!-- sidraTitleTest -->
        <test-method is-config="true" signature="tearDown()[pri:0, instance:AzureTestPackage.AzureTest@309e345f]" started-at="2022-05-01T23:07:33 IST" name="tearDown" finished-at="2022-05-01T23:07:35 IST" duration-ms="1539" status="PASS">
          <reporter-output>
          </reporter-output>
        </test-method> <!-- tearDown -->
      </class> <!-- AzureTestPackage.AzureTest -->
    </test> <!-- Sidra Different testng Feature Test -->
  </suite> <!-- TestNG Sidra session Test Automation Suite -->
</testng-results>
