<?xml version="1.0" encoding="UTF-8"?>
<testng-results ignored="0" total="2" passed="2" failed="0" skipped="0">
  <reporter-output>
  </reporter-output>
  <suite started-at="2022-05-09T02:25:39 IST" name="Default suite" finished-at="2022-05-09T02:26:02 IST" duration-ms="22866">
    <groups>
    </groups>
    <test started-at="2022-05-09T02:25:39 IST" name="Default test" finished-at="2022-05-09T02:26:02 IST" duration-ms="22866">
      <class name="AzureTestPackage.AzureTest">
        <test-method is-config="true" signature="setUp()[pri:0, instance:AzureTestPackage.AzureTest@6a400542]" started-at="2022-05-09T02:25:39 IST" name="setUp" finished-at="2022-05-09T02:25:50 IST" duration-ms="10873" status="PASS">
          <reporter-output>
          </reporter-output>
        </test-method> <!-- setUp -->
        <test-method signature="sidraTitleTest()[pri:0, instance:AzureTestPackage.AzureTest@6a400542]" started-at="2022-05-09T02:25:50 IST" name="sidraTitleTest" finished-at="2022-05-09T02:25:50 IST" duration-ms="44" status="PASS">
          <reporter-output>
          </reporter-output>
        </test-method> <!-- sidraTitleTest -->
        <test-method is-config="true" signature="tearDown()[pri:0, instance:AzureTestPackage.AzureTest@6a400542]" started-at="2022-05-09T02:25:50 IST" name="tearDown" finished-at="2022-05-09T02:25:51 IST" duration-ms="473" status="PASS">
          <reporter-output>
          </reporter-output>
        </test-method> <!-- tearDown -->
        <test-method is-config="true" signature="setUp()[pri:0, instance:AzureTestPackage.AzureTest@6a400542]" started-at="2022-05-09T02:25:51 IST" name="setUp" finished-at="2022-05-09T02:26:02 IST" duration-ms="10705" status="PASS">
          <reporter-output>
          </reporter-output>
        </test-method> <!-- setUp -->
        <test-method signature="ssidraTitleTest()[pri:0, instance:AzureTestPackage.AzureTest@6a400542]" started-at="2022-05-09T02:26:02 IST" name="ssidraTitleTest" finished-at="2022-05-09T02:26:02 IST" duration-ms="27" status="PASS">
          <reporter-output>
          </reporter-output>
        </test-method> <!-- ssidraTitleTest -->
        <test-method is-config="true" signature="tearDown()[pri:0, instance:AzureTestPackage.AzureTest@6a400542]" started-at="2022-05-09T02:26:02 IST" name="tearDown" finished-at="2022-05-09T02:26:02 IST" duration-ms="576" status="PASS">
          <reporter-output>
          </reporter-output>
        </test-method> <!-- tearDown -->
      </class> <!-- AzureTestPackage.AzureTest -->
    </test> <!-- Default test -->
  </suite> <!-- Default suite -->
</testng-results>
