<?xml version="1.0" encoding="UTF-8"?>
<!-- Generated by org.testng.reporters.JUnitReportReporter -->
<testsuite hostname="DESKTOP-UJ1ABA6" failures="0" tests="2" name="AzureTestPackage.AzureTest" time="22.698" errors="0" timestamp="2022-05-09T02:26:02 IST" skipped="0">
  <testcase classname="AzureTestPackage.AzureTest" name="sidraTitleTest" time="11.325"/>
  <system-out/>
  <testcase classname="AzureTestPackage.AzureTest" name="ssidraTitleTest" time="11.373"/>
  <system-out/>
</testsuite> <!-- AzureTestPackage.AzureTest -->
